[13:13:12] [Server thread/INFO]: Starting minecraft server version 1.12.2
[13:13:12] [Server thread/INFO]: Loading properties
[13:13:12] [Server thread/INFO]: Default game type: SURVIVAL
[13:13:12] [Server thread/INFO]: Generating keypair
[13:13:12] [Server thread/INFO]: Starting Minecraft server on 0.0.0.0:41800
[13:13:12] [Server thread/INFO]: Using default channel type
[13:13:12] [Server thread/INFO]: Preparing level "world"
[13:13:13] [Server thread/INFO]: Loaded 488 advancements
[13:13:13] [Server thread/INFO]: Preparing start region for level 0
[13:13:14] [Server thread/INFO]: Preparing spawn area: 16%
[13:13:15] [Server thread/INFO]: Preparing spawn area: 35%
[13:13:16] [Server thread/INFO]: Preparing spawn area: 54%
[13:13:17] [Server thread/INFO]: Preparing spawn area: 73%
[13:13:18] [Server thread/INFO]: Preparing spawn area: 96%
[13:13:18] [Server thread/INFO]: Done (5.714s)! For help, type "help" or "?"
[13:13:22] [Server thread/INFO]: Stopping the server
[13:13:22] [Server thread/INFO]: Stopping server
[13:13:22] [Server thread/INFO]: Saving players
[13:13:22] [Server thread/INFO]: Saving worlds
[13:13:22] [Server thread/INFO]: Saving chunks for level 'world'/overworld
[13:13:22] [Server thread/INFO]: Saving chunks for level 'world'/the_nether
[13:13:22] [Server thread/INFO]: Saving chunks for level 'world'/the_end
[13:13:23] [Server Shutdown Thread/INFO]: Stopping server
[13:13:23] [Server Shutdown Thread/INFO]: Saving players
[13:13:23] [Server Shutdown Thread/INFO]: Saving worlds
[13:13:23] [Server Shutdown Thread/INFO]: Saving chunks for level 'world'/overworld
